# JRE version: Java(TM) SE Runtime Environment (8.0_221-b11) (build 1.8.0_221-b11)
# Java VM: Java HotSpot(TM) 64-Bit Server VM (25.221-b11 mixed mode windows-amd64 compressed oops)
Heap:
 PSYoungGen      total 192000K, used 175921K [0x0000000780900000, 0x000000078d780000, 0x00000007c0000000)
  eden space 185856K, 91% used [0x0000000780900000,0x000000078aef7f68,0x000000078be80000)
  from space 6144K, 97% used [0x000000078d180000,0x000000078d7546f8,0x000000078d780000)
  to   space 8192K, 0% used [0x000000078c780000,0x000000078c780000,0x000000078cf80000)
 ParOldGen       total 59904K, used 5674K [0x0000000701a00000, 0x0000000705480000, 0x0000000780900000)
  object space 59904K, 9% used [0x0000000701a00000,0x0000000701f8ab78,0x0000000705480000)
 Metaspace       used 33909K, capacity 35278K, committed 35416K, reserved 1079296K
  class space    used 4315K, capacity 4620K, committed 4696K, reserved 1048576K
GC Heap History (10 events):
Event: 2.200 GC heap before
{Heap before GC invocations=3 (full 0):
 PSYoungGen      total 57344K, used 54522K [0x0000000780900000, 0x0000000787900000, 0x00000007c0000000)
  eden space 49152K, 100% used [0x0000000780900000,0x0000000783900000,0x0000000783900000)
  from space 8192K, 65% used [0x0000000784100000,0x000000078463eb98,0x0000000784900000)
  to   space 8192K, 0% used [0x0000000783900000,0x0000000783900000,0x0000000784100000)
 ParOldGen       total 131072K, used 24K [0x0000000701a00000, 0x0000000709a00000, 0x0000000780900000)
  object space 131072K, 0% used [0x0000000701a00000,0x0000000701a06000,0x0000000709a00000)
 Metaspace       used 17592K, capacity 18454K, committed 18560K, reserved 1064960K
  class space    used 2185K, capacity 2380K, committed 2432K, reserved 1048576K
Event: 2.207 GC heap after
Heap after GC invocations=3 (full 0):
 PSYoungGen      total 57344K, used 7360K [0x0000000780900000, 0x0000000787900000, 0x00000007c0000000)
  eden space 49152K, 0% used [0x0000000780900000,0x0000000780900000,0x0000000783900000)
  from space 8192K, 89% used [0x0000000783900000,0x0000000784030010,0x0000000784100000)
  to   space 8192K, 0% used [0x0000000787100000,0x0000000787100000,0x0000000787900000)
 ParOldGen       total 131072K, used 32K [0x0000000701a00000, 0x0000000709a00000, 0x0000000780900000)
  object space 131072K, 0% used [0x0000000701a00000,0x0000000701a08000,0x0000000709a00000)
 Metaspace       used 17592K, capacity 18454K, committed 18560K, reserved 1064960K
  class space    used 2185K, capacity 2380K, committed 2432K, reserved 1048576K
}
Event: 2.529 GC heap before
{Heap before GC invocations=4 (full 0):
 PSYoungGen      total 57344K, used 56512K [0x0000000780900000, 0x0000000787900000, 0x00000007c0000000)
  eden space 49152K, 100% used [0x0000000780900000,0x0000000783900000,0x0000000783900000)
  from space 8192K, 89% used [0x0000000783900000,0x0000000784030010,0x0000000784100000)
  to   space 8192K, 0% used [0x0000000787100000,0x0000000787100000,0x0000000787900000)
 ParOldGen       total 131072K, used 32K [0x0000000701a00000, 0x0000000709a00000, 0x0000000780900000)
  object space 131072K, 0% used [0x0000000701a00000,0x0000000701a08000,0x0000000709a00000)
 Metaspace       used 20108K, capacity 21142K, committed 21248K, reserved 1067008K
  class space    used 2561K, capacity 2798K, committed 2816K, reserved 1048576K
Event: 2.538 GC heap after
Heap after GC invocations=4 (full 0):
 PSYoungGen      total 106496K, used 7375K [0x0000000780900000, 0x0000000787900000, 0x00000007c0000000)
  eden space 98304K, 0% used [0x0000000780900000,0x0000000780900000,0x0000000786900000)
  from space 8192K, 90% used [0x0000000787100000,0x0000000787833c70,0x0000000787900000)
  to   space 8192K, 0% used [0x0000000786900000,0x0000000786900000,0x0000000787100000)
 ParOldGen       total 131072K, used 40K [0x0000000701a00000, 0x0000000709a00000, 0x0000000780900000)
  object space 131072K, 0% used [0x0000000701a00000,0x0000000701a0a000,0x0000000709a00000)
 Metaspace       used 20108K, capacity 21142K, committed 21248K, reserved 1067008K
  class space    used 2561K, capacity 2798K, committed 2816K, reserved 1048576K
}
Event: 2.548 GC heap before
{Heap before GC invocations=5 (full 0):
 PSYoungGen      total 106496K, used 8901K [0x0000000780900000, 0x0000000787900000, 0x00000007c0000000)
  eden space 98304K, 1% used [0x0000000780900000,0x0000000780a7db50,0x0000000786900000)
  from space 8192K, 90% used [0x0000000787100000,0x0000000787833c70,0x0000000787900000)
  to   space 8192K, 0% used [0x0000000786900000,0x0000000786900000,0x0000000787100000)
 ParOldGen       total 131072K, used 40K [0x0000000701a00000, 0x0000000709a00000, 0x0000000780900000)
  object space 131072K, 0% used [0x0000000701a00000,0x0000000701a0a000,0x0000000709a00000)
 Metaspace       used 20142K, capacity 21206K, committed 21248K, reserved 1067008K
  class space    used 2571K, capacity 2798K, committed 2816K, reserved 1048576K
Event: 2.555 GC heap after
Heap after GC invocations=5 (full 0):
 PSYoungGen      total 106496K, used 5740K [0x0000000780900000, 0x000000078da00000, 0x00000007c0000000)
  eden space 98304K, 0% used [0x0000000780900000,0x0000000780900000,0x0000000786900000)
  from space 8192K, 70% used [0x0000000786900000,0x0000000786e9b3a0,0x0000000787100000)
  to   space 8704K, 0% used [0x000000078d180000,0x000000078d180000,0x000000078da00000)
 ParOldGen       total 131072K, used 40K [0x0000000701a00000, 0x0000000709a00000, 0x0000000780900000)
  object space 131072K, 0% used [0x0000000701a00000,0x0000000701a0a000,0x0000000709a00000)
 Metaspace       used 20142K, capacity 21206K, committed 21248K, reserved 1067008K
  class space    used 2571K, capacity 2798K, committed 2816K, reserved 1048576K
}
Event: 2.555 GC heap before
{Heap before GC invocations=6 (full 1):
 PSYoungGen      total 106496K, used 5740K [0x0000000780900000, 0x000000078da00000, 0x00000007c0000000)
  eden space 98304K, 0% used [0x0000000780900000,0x0000000780900000,0x0000000786900000)
  from space 8192K, 70% used [0x0000000786900000,0x0000000786e9b3a0,0x0000000787100000)
  to   space 8704K, 0% used [0x000000078d180000,0x000000078d180000,0x000000078da00000)
 ParOldGen       total 131072K, used 40K [0x0000000701a00000, 0x0000000709a00000, 0x0000000780900000)
  object space 131072K, 0% used [0x0000000701a00000,0x0000000701a0a000,0x0000000709a00000)
 Metaspace       used 20142K, capacity 21206K, committed 21248K, reserved 1067008K
  class space    used 2571K, capacity 2798K, committed 2816K, reserved 1048576K
Event: 2.584 GC heap after
Heap after GC invocations=6 (full 1):
 PSYoungGen      total 106496K, used 0K [0x0000000780900000, 0x000000078da00000, 0x00000007c0000000)
  eden space 98304K, 0% used [0x0000000780900000,0x0000000780900000,0x0000000786900000)
  from space 8192K, 0% used [0x0000000786900000,0x0000000786900000,0x0000000787100000)
  to   space 8704K, 0% used [0x000000078d180000,0x000000078d180000,0x000000078da00000)
 ParOldGen       total 59904K, used 5666K [0x0000000701a00000, 0x0000000705480000, 0x0000000780900000)
  object space 59904K, 9% used [0x0000000701a00000,0x0000000701f88b78,0x0000000705480000)
 Metaspace       used 20142K, capacity 21206K, committed 21248K, reserved 1067008K
  class space    used 2571K, capacity 2798K, committed 2816K, reserved 1048576K
}
Event: 3.141 GC heap before
{Heap before GC invocations=7 (full 1):
 PSYoungGen      total 106496K, used 98304K [0x0000000780900000, 0x000000078da00000, 0x00000007c0000000)
  eden space 98304K, 100% used [0x0000000780900000,0x0000000786900000,0x0000000786900000)
  from space 8192K, 0% used [0x0000000786900000,0x0000000786900000,0x0000000787100000)
  to   space 8704K, 0% used [0x000000078d180000,0x000000078d180000,0x000000078da00000)
 ParOldGen       total 59904K, used 5666K [0x0000000701a00000, 0x0000000705480000, 0x0000000780900000)
  object space 59904K, 9% used [0x0000000701a00000,0x0000000701f88b78,0x0000000705480000)
 Metaspace       used 24736K, capacity 25944K, committed 25984K, reserved 1071104K
  class space    used 3193K, capacity 3423K, committed 3456K, reserved 1048576K
Event: 3.148 GC heap after
Heap after GC invocations=7 (full 1):
 PSYoungGen      total 192000K, used 5969K [0x0000000780900000, 0x000000078d780000, 0x00000007c0000000)
  eden space 185856K, 0% used [0x0000000780900000,0x0000000780900000,0x000000078be80000)
  from space 6144K, 97% used [0x000000078d180000,0x000000078d7546f8,0x000000078d780000)
  to   space 8192K, 0% used [0x000000078c780000,0x000000078c780000,0x000000078cf80000)
 ParOldGen       total 59904K, used 5674K [0x0000000701a00000, 0x0000000705480000, 0x0000000780900000)
  object space 59904K, 9% used [0x0000000701a00000,0x0000000701f8ab78,0x0000000705480000)
 Metaspace       used 24736K, capacity 25944K, committed 25984K, reserved 1071104K
  class space    used 3193K, capacity 3423K, committed 3456K, reserved 1048576K
}

